{"C:\\Work\\Own\\Projects\\Portfolio\\MockFlow\\src\\shared\\ui\\Button\\Button.tsx": {"path":"C:\\Work\\Own\\Projects\\Portfolio\\MockFlow\\src\\shared\\ui\\Button\\Button.tsx","statementMap":{"0":{"start":{"line":14,"column":23},"end":{"line":24,"column":null}},"1":{"start":{"line":26,"column":20},"end":{"line":30,"column":null}},"2":{"start":{"line":42,"column":21},"end":{"line":42,"column":null}},"3":{"start":{"line":44,"column":2},"end":{"line":59,"column":null}}},"fnMap":{"0":{"name":"Button","decl":{"start":{"line":32,"column":16},"end":{"line":32,"column":23}},"loc":{"start":{"line":41,"column":16},"end":{"line":61,"column":null}},"line":41}},"branchMap":{"0":{"loc":{"start":{"line":34,"column":2},"end":{"line":34,"column":null}},"type":"default-arg","locations":[{"start":{"line":34,"column":12},"end":{"line":34,"column":null}}],"line":34},"1":{"loc":{"start":{"line":36,"column":2},"end":{"line":36,"column":null}},"type":"default-arg","locations":[{"start":{"line":36,"column":9},"end":{"line":36,"column":null}}],"line":36},"2":{"loc":{"start":{"line":37,"column":2},"end":{"line":37,"column":null}},"type":"default-arg","locations":[{"start":{"line":37,"column":13},"end":{"line":37,"column":null}}],"line":37},"3":{"loc":{"start":{"line":38,"column":2},"end":{"line":38,"column":null}},"type":"default-arg","locations":[{"start":{"line":38,"column":14},"end":{"line":38,"column":null}}],"line":38},"4":{"loc":{"start":{"line":39,"column":2},"end":{"line":39,"column":null}},"type":"default-arg","locations":[{"start":{"line":39,"column":12},"end":{"line":39,"column":null}}],"line":39},"5":{"loc":{"start":{"line":42,"column":21},"end":{"line":42,"column":null}},"type":"binary-expr","locations":[{"start":{"line":42,"column":21},"end":{"line":42,"column":33}},{"start":{"line":42,"column":33},"end":{"line":42,"column":null}}],"line":42},"6":{"loc":{"start":{"line":49,"column":8},"end":{"line":49,"column":null}},"type":"binary-expr","locations":[{"start":{"line":49,"column":8},"end":{"line":49,"column":19}},{"start":{"line":49,"column":19},"end":{"line":49,"column":null}}],"line":49},"7":{"loc":{"start":{"line":50,"column":8},"end":{"line":50,"column":null}},"type":"binary-expr","locations":[{"start":{"line":50,"column":8},"end":{"line":50,"column":30}},{"start":{"line":50,"column":30},"end":{"line":50,"column":null}}],"line":50},"8":{"loc":{"start":{"line":58,"column":7},"end":{"line":58,"column":null}},"type":"cond-expr","locations":[{"start":{"line":58,"column":17},"end":{"line":58,"column":32}},{"start":{"line":58,"column":32},"end":{"line":58,"column":null}}],"line":58}},"s":{"0":1,"1":1,"2":2,"3":2},"f":{"0":2},"b":{"0":[2],"1":[2],"2":[2],"3":[2],"4":[2],"5":[2,2],"6":[2,1],"7":[2,2],"8":[1,1]},"meta":{"lastBranch":9,"lastFunction":1,"lastStatement":4,"seen":{"s:14:23:24:Infinity":0,"s:26:20:30:Infinity":1,"f:32:16:32:23":0,"b:34:12:34:Infinity":0,"b:36:9:36:Infinity":1,"b:37:13:37:Infinity":2,"b:38:14:38:Infinity":3,"b:39:12:39:Infinity":4,"s:42:21:42:Infinity":2,"b:42:21:42:33:42:33:42:Infinity":5,"s:44:2:59:Infinity":3,"b:49:8:49:19:49:19:49:Infinity":6,"b:50:8:50:30:50:30:50:Infinity":7,"b:58:17:58:32:58:32:58:Infinity":8}}}
}
